mode: set
_/home/bill/CodeCheckouts/libredis/client/keys.go:11.52,14.16 3 1
_/home/bill/CodeCheckouts/libredis/client/keys.go:17.2,17.26 1 1
_/home/bill/CodeCheckouts/libredis/client/keys.go:14.16,16.3 1 0
_/home/bill/CodeCheckouts/libredis/client/keys.go:23.50,25.16 2 1
_/home/bill/CodeCheckouts/libredis/client/keys.go:28.2,28.24 1 1
_/home/bill/CodeCheckouts/libredis/client/keys.go:25.16,27.3 1 0
_/home/bill/CodeCheckouts/libredis/client/keys.go:32.50,34.16 2 1
_/home/bill/CodeCheckouts/libredis/client/keys.go:37.2,37.23 1 1
_/home/bill/CodeCheckouts/libredis/client/keys.go:34.16,36.3 1 0
_/home/bill/CodeCheckouts/libredis/client/keys.go:43.63,45.16 2 1
_/home/bill/CodeCheckouts/libredis/client/keys.go:48.2,48.23 1 1
_/home/bill/CodeCheckouts/libredis/client/keys.go:45.16,47.3 1 0
_/home/bill/CodeCheckouts/libredis/client/keys.go:54.69,56.16 2 1
_/home/bill/CodeCheckouts/libredis/client/keys.go:59.2,59.23 1 1
_/home/bill/CodeCheckouts/libredis/client/keys.go:56.16,58.3 1 0
_/home/bill/CodeCheckouts/libredis/client/keys.go:63.56,65.16 2 1
_/home/bill/CodeCheckouts/libredis/client/keys.go:68.2,68.23 1 1
_/home/bill/CodeCheckouts/libredis/client/keys.go:65.16,67.3 1 0
_/home/bill/CodeCheckouts/libredis/client/keys.go:106.56,108.16 2 1
_/home/bill/CodeCheckouts/libredis/client/keys.go:111.2,111.23 1 1
_/home/bill/CodeCheckouts/libredis/client/keys.go:108.16,110.3 1 0
_/home/bill/CodeCheckouts/libredis/client/keys.go:119.80,122.2 2 1
_/home/bill/CodeCheckouts/libredis/client/keys.go:129.51,131.16 2 1
_/home/bill/CodeCheckouts/libredis/client/keys.go:134.2,134.23 1 1
_/home/bill/CodeCheckouts/libredis/client/keys.go:131.16,133.3 1 0
_/home/bill/CodeCheckouts/libredis/client/keys.go:139.69,141.16 2 1
_/home/bill/CodeCheckouts/libredis/client/keys.go:144.2,144.23 1 1
_/home/bill/CodeCheckouts/libredis/client/keys.go:141.16,143.3 1 0
_/home/bill/CodeCheckouts/libredis/client/keys.go:149.70,151.16 2 1
_/home/bill/CodeCheckouts/libredis/client/keys.go:154.2,154.23 1 1
_/home/bill/CodeCheckouts/libredis/client/keys.go:151.16,153.3 1 0
_/home/bill/CodeCheckouts/libredis/client/keys.go:160.49,162.16 2 1
_/home/bill/CodeCheckouts/libredis/client/keys.go:165.2,165.26 1 1
_/home/bill/CodeCheckouts/libredis/client/keys.go:162.16,164.3 1 0
_/home/bill/CodeCheckouts/libredis/client/keys.go:170.45,172.16 2 1
_/home/bill/CodeCheckouts/libredis/client/keys.go:175.2,175.24 1 1
_/home/bill/CodeCheckouts/libredis/client/keys.go:172.16,174.3 1 0
_/home/bill/CodeCheckouts/libredis/client/keys.go:183.50,185.16 2 1
_/home/bill/CodeCheckouts/libredis/client/keys.go:188.2,188.21 1 1
_/home/bill/CodeCheckouts/libredis/client/keys.go:185.16,187.3 1 0
_/home/bill/CodeCheckouts/libredis/client/keys.go:193.60,195.16 2 1
_/home/bill/CodeCheckouts/libredis/client/keys.go:198.2,198.23 1 1
_/home/bill/CodeCheckouts/libredis/client/keys.go:195.16,197.3 1 0
_/home/bill/CodeCheckouts/libredis/client/keys.go:205.71,207.16 2 1
_/home/bill/CodeCheckouts/libredis/client/keys.go:210.2,210.21 1 1
_/home/bill/CodeCheckouts/libredis/client/keys.go:207.16,209.3 1 0
_/home/bill/CodeCheckouts/libredis/client/keys.go:215.48,217.16 2 1
_/home/bill/CodeCheckouts/libredis/client/keys.go:220.2,220.26 1 1
_/home/bill/CodeCheckouts/libredis/client/keys.go:217.16,219.3 1 0
_/home/bill/CodeCheckouts/libredis/client/keys.go:226.50,228.16 2 1
_/home/bill/CodeCheckouts/libredis/client/keys.go:231.2,231.25 1 1
_/home/bill/CodeCheckouts/libredis/client/keys.go:228.16,230.3 1 0
_/home/bill/CodeCheckouts/libredis/client/keys.go:236.90,238.19 2 1
_/home/bill/CodeCheckouts/libredis/client/keys.go:241.2,241.15 1 1
_/home/bill/CodeCheckouts/libredis/client/keys.go:244.2,245.16 2 1
_/home/bill/CodeCheckouts/libredis/client/keys.go:248.2,248.27 1 1
_/home/bill/CodeCheckouts/libredis/client/keys.go:251.2,251.27 1 1
_/home/bill/CodeCheckouts/libredis/client/keys.go:254.2,255.16 2 1
_/home/bill/CodeCheckouts/libredis/client/keys.go:258.2,259.16 2 1
_/home/bill/CodeCheckouts/libredis/client/keys.go:262.2,263.24 2 1
_/home/bill/CodeCheckouts/libredis/client/keys.go:238.19,240.3 1 0
_/home/bill/CodeCheckouts/libredis/client/keys.go:241.15,243.3 1 0
_/home/bill/CodeCheckouts/libredis/client/keys.go:245.16,247.3 1 0
_/home/bill/CodeCheckouts/libredis/client/keys.go:248.27,250.3 1 0
_/home/bill/CodeCheckouts/libredis/client/keys.go:251.27,253.3 1 0
_/home/bill/CodeCheckouts/libredis/client/keys.go:255.16,257.3 1 0
_/home/bill/CodeCheckouts/libredis/client/keys.go:259.16,261.3 1 0
_/home/bill/CodeCheckouts/libredis/client/pipelining.go:15.50,17.16 2 1
_/home/bill/CodeCheckouts/libredis/client/pipelining.go:20.2,20.33 1 1
_/home/bill/CodeCheckouts/libredis/client/pipelining.go:17.16,19.3 1 0
_/home/bill/CodeCheckouts/libredis/client/pipelining.go:24.29,27.2 2 1
_/home/bill/CodeCheckouts/libredis/client/pipelining.go:30.56,32.16 2 1
_/home/bill/CodeCheckouts/libredis/client/pipelining.go:35.2,35.12 1 1
_/home/bill/CodeCheckouts/libredis/client/pipelining.go:32.16,34.3 1 1
_/home/bill/CodeCheckouts/libredis/client/pipelining.go:39.47,41.16 2 1
_/home/bill/CodeCheckouts/libredis/client/pipelining.go:44.2,44.16 1 1
_/home/bill/CodeCheckouts/libredis/client/pipelining.go:41.16,43.3 1 1
_/home/bill/CodeCheckouts/libredis/client/pipelining.go:48.52,49.18 1 1
_/home/bill/CodeCheckouts/libredis/client/pipelining.go:52.2,54.27 3 1
_/home/bill/CodeCheckouts/libredis/client/pipelining.go:61.2,61.17 1 1
_/home/bill/CodeCheckouts/libredis/client/pipelining.go:49.18,51.3 1 0
_/home/bill/CodeCheckouts/libredis/client/pipelining.go:54.27,56.17 2 1
_/home/bill/CodeCheckouts/libredis/client/pipelining.go:59.3,59.14 1 1
_/home/bill/CodeCheckouts/libredis/client/pipelining.go:56.17,58.4 1 0
_/home/bill/CodeCheckouts/libredis/client/sentinel.go:115.92,118.36 3 1
_/home/bill/CodeCheckouts/libredis/client/sentinel.go:148.2,148.8 1 1
_/home/bill/CodeCheckouts/libredis/client/sentinel.go:118.36,122.31 4 1
_/home/bill/CodeCheckouts/libredis/client/sentinel.go:130.3,130.34 1 1
_/home/bill/CodeCheckouts/libredis/client/sentinel.go:133.3,133.32 1 1
_/home/bill/CodeCheckouts/libredis/client/sentinel.go:122.31,124.18 2 1
_/home/bill/CodeCheckouts/libredis/client/sentinel.go:124.18,126.5 1 0
_/home/bill/CodeCheckouts/libredis/client/sentinel.go:126.6,128.5 1 1
_/home/bill/CodeCheckouts/libredis/client/sentinel.go:130.34,132.4 1 1
_/home/bill/CodeCheckouts/libredis/client/sentinel.go:133.32,135.23 1 1
_/home/bill/CodeCheckouts/libredis/client/sentinel.go:135.23,137.19 2 1
_/home/bill/CodeCheckouts/libredis/client/sentinel.go:137.19,140.6 2 0
_/home/bill/CodeCheckouts/libredis/client/sentinel.go:140.7,141.17 1 1
_/home/bill/CodeCheckouts/libredis/client/sentinel.go:141.17,143.7 1 1
_/home/bill/CodeCheckouts/libredis/client/sentinel.go:153.69,155.16 2 0
_/home/bill/CodeCheckouts/libredis/client/sentinel.go:159.2,159.37 1 0
_/home/bill/CodeCheckouts/libredis/client/sentinel.go:171.2,171.8 1 0
_/home/bill/CodeCheckouts/libredis/client/sentinel.go:155.16,158.3 2 0
_/home/bill/CodeCheckouts/libredis/client/sentinel.go:159.37,161.17 2 0
_/home/bill/CodeCheckouts/libredis/client/sentinel.go:161.17,163.4 1 0
_/home/bill/CodeCheckouts/libredis/client/sentinel.go:163.5,165.18 2 0
_/home/bill/CodeCheckouts/libredis/client/sentinel.go:168.4,168.33 1 0
_/home/bill/CodeCheckouts/libredis/client/sentinel.go:165.18,167.5 1 0
_/home/bill/CodeCheckouts/libredis/client/sentinel.go:176.88,179.2 2 0
_/home/bill/CodeCheckouts/libredis/client/sentinel.go:183.54,186.2 2 0
_/home/bill/CodeCheckouts/libredis/client/sentinel.go:190.83,193.2 2 0
_/home/bill/CodeCheckouts/libredis/client/sentinel.go:197.77,200.2 2 0
_/home/bill/CodeCheckouts/libredis/client/sentinel.go:204.72,207.2 2 0
_/home/bill/CodeCheckouts/libredis/client/sentinel.go:209.69,211.16 2 0
_/home/bill/CodeCheckouts/libredis/client/sentinel.go:214.2,215.32 2 0
_/home/bill/CodeCheckouts/libredis/client/sentinel.go:223.2,223.8 1 0
_/home/bill/CodeCheckouts/libredis/client/sentinel.go:211.16,213.3 1 0
_/home/bill/CodeCheckouts/libredis/client/sentinel.go:215.32,217.17 2 0
_/home/bill/CodeCheckouts/libredis/client/sentinel.go:220.3,221.35 2 0
_/home/bill/CodeCheckouts/libredis/client/sentinel.go:217.17,219.4 1 0
_/home/bill/CodeCheckouts/libredis/client/sentinel.go:226.94,229.36 3 1
_/home/bill/CodeCheckouts/libredis/client/sentinel.go:260.2,260.8 1 1
_/home/bill/CodeCheckouts/libredis/client/sentinel.go:229.36,233.31 4 1
_/home/bill/CodeCheckouts/libredis/client/sentinel.go:241.3,241.34 1 1
_/home/bill/CodeCheckouts/libredis/client/sentinel.go:244.3,244.32 1 1
_/home/bill/CodeCheckouts/libredis/client/sentinel.go:233.31,235.18 2 1
_/home/bill/CodeCheckouts/libredis/client/sentinel.go:235.18,237.5 1 0
_/home/bill/CodeCheckouts/libredis/client/sentinel.go:237.6,239.5 1 1
_/home/bill/CodeCheckouts/libredis/client/sentinel.go:241.34,243.4 1 1
_/home/bill/CodeCheckouts/libredis/client/sentinel.go:244.32,246.23 1 1
_/home/bill/CodeCheckouts/libredis/client/sentinel.go:246.23,248.19 2 1
_/home/bill/CodeCheckouts/libredis/client/sentinel.go:248.19,252.6 3 0
_/home/bill/CodeCheckouts/libredis/client/sentinel.go:252.7,253.17 1 1
_/home/bill/CodeCheckouts/libredis/client/sentinel.go:253.17,255.7 1 1
_/home/bill/CodeCheckouts/libredis/client/sentinel.go:264.83,266.16 2 0
_/home/bill/CodeCheckouts/libredis/client/sentinel.go:269.2,270.38 2 0
_/home/bill/CodeCheckouts/libredis/client/sentinel.go:266.16,268.3 1 0
_/home/bill/CodeCheckouts/libredis/client/sentinel.go:275.87,277.16 2 0
_/home/bill/CodeCheckouts/libredis/client/sentinel.go:280.2,283.16 4 0
_/home/bill/CodeCheckouts/libredis/client/sentinel.go:286.2,286.22 1 0
_/home/bill/CodeCheckouts/libredis/client/sentinel.go:277.16,279.3 1 0
_/home/bill/CodeCheckouts/libredis/client/sentinel.go:283.16,285.3 1 0
_/home/bill/CodeCheckouts/libredis/client/sentinel.go:289.64,291.16 2 0
_/home/bill/CodeCheckouts/libredis/client/sentinel.go:296.2,296.20 1 0
_/home/bill/CodeCheckouts/libredis/client/sentinel.go:300.2,300.18 1 0
_/home/bill/CodeCheckouts/libredis/client/sentinel.go:291.16,294.3 2 0
_/home/bill/CodeCheckouts/libredis/client/sentinel.go:296.20,299.3 2 0
_/home/bill/CodeCheckouts/libredis/client/hyperloglog.go:5.70,8.16 3 1
_/home/bill/CodeCheckouts/libredis/client/hyperloglog.go:11.2,11.26 1 1
_/home/bill/CodeCheckouts/libredis/client/hyperloglog.go:8.16,10.3 1 0
_/home/bill/CodeCheckouts/libredis/client/hyperloglog.go:20.56,23.16 3 1
_/home/bill/CodeCheckouts/libredis/client/hyperloglog.go:26.2,26.26 1 1
_/home/bill/CodeCheckouts/libredis/client/hyperloglog.go:23.16,25.3 1 0
_/home/bill/CodeCheckouts/libredis/client/hyperloglog.go:34.69,37.16 3 1
_/home/bill/CodeCheckouts/libredis/client/hyperloglog.go:40.2,40.21 1 1
_/home/bill/CodeCheckouts/libredis/client/hyperloglog.go:37.16,39.3 1 0
_/home/bill/CodeCheckouts/libredis/client/lists.go:11.69,14.16 3 1
_/home/bill/CodeCheckouts/libredis/client/lists.go:17.2,17.21 1 1
_/home/bill/CodeCheckouts/libredis/client/lists.go:20.2,20.23 1 1
_/home/bill/CodeCheckouts/libredis/client/lists.go:14.16,16.3 1 0
_/home/bill/CodeCheckouts/libredis/client/lists.go:17.21,19.3 1 1
_/home/bill/CodeCheckouts/libredis/client/lists.go:24.69,27.16 3 1
_/home/bill/CodeCheckouts/libredis/client/lists.go:30.2,30.21 1 1
_/home/bill/CodeCheckouts/libredis/client/lists.go:33.2,33.23 1 1
_/home/bill/CodeCheckouts/libredis/client/lists.go:27.16,29.3 1 0
_/home/bill/CodeCheckouts/libredis/client/lists.go:30.21,32.3 1 1
_/home/bill/CodeCheckouts/libredis/client/lists.go:44.85,46.16 2 1
_/home/bill/CodeCheckouts/libredis/client/lists.go:49.2,49.27 1 1
_/home/bill/CodeCheckouts/libredis/client/lists.go:52.2,52.24 1 1
_/home/bill/CodeCheckouts/libredis/client/lists.go:46.16,48.3 1 0
_/home/bill/CodeCheckouts/libredis/client/lists.go:49.27,51.3 1 1
_/home/bill/CodeCheckouts/libredis/client/lists.go:62.63,64.16 2 1
_/home/bill/CodeCheckouts/libredis/client/lists.go:67.2,67.24 1 1
_/home/bill/CodeCheckouts/libredis/client/lists.go:64.16,66.3 1 0
_/home/bill/CodeCheckouts/libredis/client/lists.go:74.76,76.16 2 1
_/home/bill/CodeCheckouts/libredis/client/lists.go:79.2,79.26 1 1
_/home/bill/CodeCheckouts/libredis/client/lists.go:76.16,78.3 1 0
_/home/bill/CodeCheckouts/libredis/client/lists.go:85.49,87.16 2 1
_/home/bill/CodeCheckouts/libredis/client/lists.go:90.2,90.26 1 1
_/home/bill/CodeCheckouts/libredis/client/lists.go:87.16,89.3 1 0
_/home/bill/CodeCheckouts/libredis/client/lists.go:95.50,97.16 2 1
_/home/bill/CodeCheckouts/libredis/client/lists.go:100.2,100.24 1 1
_/home/bill/CodeCheckouts/libredis/client/lists.go:97.16,99.3 1 0
_/home/bill/CodeCheckouts/libredis/client/lists.go:107.68,110.16 3 1
_/home/bill/CodeCheckouts/libredis/client/lists.go:113.2,113.26 1 1
_/home/bill/CodeCheckouts/libredis/client/lists.go:110.16,112.3 1 0
_/home/bill/CodeCheckouts/libredis/client/lists.go:120.58,122.16 2 1
_/home/bill/CodeCheckouts/libredis/client/lists.go:125.2,125.26 1 1
_/home/bill/CodeCheckouts/libredis/client/lists.go:122.16,124.3 1 0
_/home/bill/CodeCheckouts/libredis/client/lists.go:140.70,142.16 2 1
_/home/bill/CodeCheckouts/libredis/client/lists.go:145.2,145.23 1 1
_/home/bill/CodeCheckouts/libredis/client/lists.go:142.16,144.3 1 0
_/home/bill/CodeCheckouts/libredis/client/lists.go:154.74,156.16 2 1
_/home/bill/CodeCheckouts/libredis/client/lists.go:159.2,159.26 1 1
_/home/bill/CodeCheckouts/libredis/client/lists.go:156.16,158.3 1 0
_/home/bill/CodeCheckouts/libredis/client/lists.go:164.65,166.16 2 1
_/home/bill/CodeCheckouts/libredis/client/lists.go:169.2,169.21 1 1
_/home/bill/CodeCheckouts/libredis/client/lists.go:166.16,168.3 1 0
_/home/bill/CodeCheckouts/libredis/client/lists.go:175.58,177.16 2 1
_/home/bill/CodeCheckouts/libredis/client/lists.go:180.2,180.21 1 1
_/home/bill/CodeCheckouts/libredis/client/lists.go:177.16,179.3 1 0
_/home/bill/CodeCheckouts/libredis/client/lists.go:185.50,187.16 2 1
_/home/bill/CodeCheckouts/libredis/client/lists.go:190.2,190.24 1 1
_/home/bill/CodeCheckouts/libredis/client/lists.go:187.16,189.3 1 0
_/home/bill/CodeCheckouts/libredis/client/lists.go:200.71,202.16 2 1
_/home/bill/CodeCheckouts/libredis/client/lists.go:205.2,205.24 1 1
_/home/bill/CodeCheckouts/libredis/client/lists.go:202.16,204.3 1 0
_/home/bill/CodeCheckouts/libredis/client/lists.go:211.68,214.16 3 1
_/home/bill/CodeCheckouts/libredis/client/lists.go:217.2,217.26 1 1
_/home/bill/CodeCheckouts/libredis/client/lists.go:214.16,216.3 1 0
_/home/bill/CodeCheckouts/libredis/client/lists.go:223.58,225.16 2 1
_/home/bill/CodeCheckouts/libredis/client/lists.go:228.2,228.26 1 1
_/home/bill/CodeCheckouts/libredis/client/lists.go:225.16,227.3 1 0
_/home/bill/CodeCheckouts/libredis/client/pubsub.go:11.65,13.16 2 1
_/home/bill/CodeCheckouts/libredis/client/pubsub.go:16.2,16.26 1 1
_/home/bill/CodeCheckouts/libredis/client/pubsub.go:13.16,15.3 1 0
_/home/bill/CodeCheckouts/libredis/client/pubsub.go:29.43,31.16 2 1
_/home/bill/CodeCheckouts/libredis/client/pubsub.go:34.2,39.8 1 1
_/home/bill/CodeCheckouts/libredis/client/pubsub.go:31.16,33.3 1 0
_/home/bill/CodeCheckouts/libredis/client/pubsub.go:43.32,45.2 1 1
_/home/bill/CodeCheckouts/libredis/client/pubsub.go:58.46,60.16 2 1
_/home/bill/CodeCheckouts/libredis/client/pubsub.go:63.2,64.16 2 1
_/home/bill/CodeCheckouts/libredis/client/pubsub.go:67.2,67.34 1 1
_/home/bill/CodeCheckouts/libredis/client/pubsub.go:123.2,123.49 1 0
_/home/bill/CodeCheckouts/libredis/client/pubsub.go:60.16,62.3 1 1
_/home/bill/CodeCheckouts/libredis/client/pubsub.go:64.16,66.3 1 0
_/home/bill/CodeCheckouts/libredis/client/pubsub.go:68.2,70.17 2 1
_/home/bill/CodeCheckouts/libredis/client/pubsub.go:73.3,73.30 1 1
_/home/bill/CodeCheckouts/libredis/client/pubsub.go:78.3,79.17 2 1
_/home/bill/CodeCheckouts/libredis/client/pubsub.go:82.3,82.72 1 1
_/home/bill/CodeCheckouts/libredis/client/pubsub.go:83.2,85.17 2 1
_/home/bill/CodeCheckouts/libredis/client/pubsub.go:88.3,88.29 1 1
_/home/bill/CodeCheckouts/libredis/client/pubsub.go:93.3,94.17 2 1
_/home/bill/CodeCheckouts/libredis/client/pubsub.go:97.3,97.72 1 1
_/home/bill/CodeCheckouts/libredis/client/pubsub.go:98.2,100.17 2 1
_/home/bill/CodeCheckouts/libredis/client/pubsub.go:103.3,104.17 2 1
_/home/bill/CodeCheckouts/libredis/client/pubsub.go:107.3,108.17 2 1
_/home/bill/CodeCheckouts/libredis/client/pubsub.go:111.3,111.59 1 1
_/home/bill/CodeCheckouts/libredis/client/pubsub.go:112.2,114.17 2 1
_/home/bill/CodeCheckouts/libredis/client/pubsub.go:117.3,118.17 2 1
_/home/bill/CodeCheckouts/libredis/client/pubsub.go:121.3,121.50 1 1
_/home/bill/CodeCheckouts/libredis/client/pubsub.go:70.17,72.4 1 0
_/home/bill/CodeCheckouts/libredis/client/pubsub.go:73.30,75.4 1 1
_/home/bill/CodeCheckouts/libredis/client/pubsub.go:75.5,77.4 1 1
_/home/bill/CodeCheckouts/libredis/client/pubsub.go:79.17,81.4 1 0
_/home/bill/CodeCheckouts/libredis/client/pubsub.go:85.17,87.4 1 0
_/home/bill/CodeCheckouts/libredis/client/pubsub.go:88.29,90.4 1 1
_/home/bill/CodeCheckouts/libredis/client/pubsub.go:90.5,92.4 1 1
_/home/bill/CodeCheckouts/libredis/client/pubsub.go:94.17,96.4 1 0
_/home/bill/CodeCheckouts/libredis/client/pubsub.go:100.17,102.4 1 0
_/home/bill/CodeCheckouts/libredis/client/pubsub.go:104.17,106.4 1 0
_/home/bill/CodeCheckouts/libredis/client/pubsub.go:108.17,110.4 1 0
_/home/bill/CodeCheckouts/libredis/client/pubsub.go:114.17,116.4 1 0
_/home/bill/CodeCheckouts/libredis/client/pubsub.go:118.17,120.4 1 0
_/home/bill/CodeCheckouts/libredis/client/pubsub.go:127.54,130.2 2 1
_/home/bill/CodeCheckouts/libredis/client/pubsub.go:133.55,136.2 2 1
_/home/bill/CodeCheckouts/libredis/client/pubsub.go:139.56,142.2 2 1
_/home/bill/CodeCheckouts/libredis/client/pubsub.go:145.57,148.2 2 1
_/home/bill/CodeCheckouts/libredis/client/redis.go:96.58,97.29 1 1
_/home/bill/CodeCheckouts/libredis/client/redis.go:122.2,122.13 1 1
_/home/bill/CodeCheckouts/libredis/client/redis.go:97.29,99.19 2 1
_/home/bill/CodeCheckouts/libredis/client/redis.go:100.3,101.17 1 1
_/home/bill/CodeCheckouts/libredis/client/redis.go:104.4,104.33 1 1
_/home/bill/CodeCheckouts/libredis/client/redis.go:107.3,108.17 1 1
_/home/bill/CodeCheckouts/libredis/client/redis.go:111.4,111.36 1 1
_/home/bill/CodeCheckouts/libredis/client/redis.go:114.3,115.24 1 1
_/home/bill/CodeCheckouts/libredis/client/redis.go:118.3,119.38 1 1
_/home/bill/CodeCheckouts/libredis/client/redis.go:101.17,102.13 1 1
_/home/bill/CodeCheckouts/libredis/client/redis.go:104.33,106.5 1 1
_/home/bill/CodeCheckouts/libredis/client/redis.go:108.17,109.13 1 0
_/home/bill/CodeCheckouts/libredis/client/redis.go:111.36,113.5 1 1
_/home/bill/CodeCheckouts/libredis/client/redis.go:115.24,117.5 1 1
_/home/bill/CodeCheckouts/libredis/client/redis.go:125.28,127.11 2 1
_/home/bill/CodeCheckouts/libredis/client/redis.go:131.2,131.17 1 1
_/home/bill/CodeCheckouts/libredis/client/redis.go:135.2,135.10 1 1
_/home/bill/CodeCheckouts/libredis/client/redis.go:127.11,130.3 2 1
_/home/bill/CodeCheckouts/libredis/client/redis.go:131.17,134.3 2 1
_/home/bill/CodeCheckouts/libredis/client/redis.go:138.55,144.27 6 1
_/home/bill/CodeCheckouts/libredis/client/redis.go:178.2,178.17 1 1
_/home/bill/CodeCheckouts/libredis/client/redis.go:144.27,146.26 2 1
_/home/bill/CodeCheckouts/libredis/client/redis.go:176.3,176.44 1 1
_/home/bill/CodeCheckouts/libredis/client/redis.go:147.3,150.27 3 0
_/home/bill/CodeCheckouts/libredis/client/redis.go:151.3,154.35 3 1
_/home/bill/CodeCheckouts/libredis/client/redis.go:155.3,158.46 3 1
_/home/bill/CodeCheckouts/libredis/client/redis.go:159.3,162.46 3 1
_/home/bill/CodeCheckouts/libredis/client/redis.go:163.3,166.48 3 1
_/home/bill/CodeCheckouts/libredis/client/redis.go:167.3,172.29 5 1
_/home/bill/CodeCheckouts/libredis/client/redis.go:173.3,174.69 1 0
_/home/bill/CodeCheckouts/libredis/client/redis.go:186.61,188.16 2 1
_/home/bill/CodeCheckouts/libredis/client/redis.go:191.2,191.49 1 1
_/home/bill/CodeCheckouts/libredis/client/redis.go:194.2,194.12 1 1
_/home/bill/CodeCheckouts/libredis/client/redis.go:188.16,190.3 1 0
_/home/bill/CodeCheckouts/libredis/client/redis.go:191.49,193.3 1 0
_/home/bill/CodeCheckouts/libredis/client/redis.go:197.50,199.16 2 1
_/home/bill/CodeCheckouts/libredis/client/redis.go:202.2,203.17 2 1
_/home/bill/CodeCheckouts/libredis/client/redis.go:255.2,255.48 1 0
_/home/bill/CodeCheckouts/libredis/client/redis.go:199.16,201.3 1 1
_/home/bill/CodeCheckouts/libredis/client/redis.go:204.2,208.9 1 1
_/home/bill/CodeCheckouts/libredis/client/redis.go:209.2,213.9 1 1
_/home/bill/CodeCheckouts/libredis/client/redis.go:214.2,216.17 2 1
_/home/bill/CodeCheckouts/libredis/client/redis.go:219.3,222.9 1 1
_/home/bill/CodeCheckouts/libredis/client/redis.go:223.2,225.17 2 1
_/home/bill/CodeCheckouts/libredis/client/redis.go:228.3,229.17 2 1
_/home/bill/CodeCheckouts/libredis/client/redis.go:232.3,235.9 1 1
_/home/bill/CodeCheckouts/libredis/client/redis.go:236.2,238.17 2 1
_/home/bill/CodeCheckouts/libredis/client/redis.go:241.3,242.13 2 1
_/home/bill/CodeCheckouts/libredis/client/redis.go:253.3,253.17 1 1
_/home/bill/CodeCheckouts/libredis/client/redis.go:216.17,218.4 1 0
_/home/bill/CodeCheckouts/libredis/client/redis.go:225.17,227.4 1 0
_/home/bill/CodeCheckouts/libredis/client/redis.go:229.17,231.4 1 0
_/home/bill/CodeCheckouts/libredis/client/redis.go:238.17,240.4 1 0
_/home/bill/CodeCheckouts/libredis/client/redis.go:242.13,244.27 2 1
_/home/bill/CodeCheckouts/libredis/client/redis.go:251.4,251.20 1 1
_/home/bill/CodeCheckouts/libredis/client/redis.go:244.27,246.19 2 1
_/home/bill/CodeCheckouts/libredis/client/redis.go:249.5,249.18 1 1
_/home/bill/CodeCheckouts/libredis/client/redis.go:246.19,248.6 1 0
_/home/bill/CodeCheckouts/libredis/client/redis.go:258.57,260.14 1 1
_/home/bill/CodeCheckouts/libredis/client/redis.go:263.2,264.54 2 1
_/home/bill/CodeCheckouts/libredis/client/redis.go:267.2,267.24 1 1
_/home/bill/CodeCheckouts/libredis/client/redis.go:260.14,262.3 1 1
_/home/bill/CodeCheckouts/libredis/client/redis.go:264.54,266.3 1 0
_/home/bill/CodeCheckouts/libredis/client/redis.go:279.28,282.50 3 1
_/home/bill/CodeCheckouts/libredis/client/redis.go:285.2,285.18 1 1
_/home/bill/CodeCheckouts/libredis/client/redis.go:282.50,284.3 1 1
_/home/bill/CodeCheckouts/libredis/client/redis.go:288.47,290.14 2 1
_/home/bill/CodeCheckouts/libredis/client/redis.go:294.2,294.22 1 1
_/home/bill/CodeCheckouts/libredis/client/redis.go:300.2,301.17 2 1
_/home/bill/CodeCheckouts/libredis/client/redis.go:290.14,293.3 2 0
_/home/bill/CodeCheckouts/libredis/client/redis.go:294.22,299.3 4 1
_/home/bill/CodeCheckouts/libredis/client/redis.go:304.39,306.14 2 1
_/home/bill/CodeCheckouts/libredis/client/redis.go:310.2,310.14 1 1
_/home/bill/CodeCheckouts/libredis/client/redis.go:315.2,315.31 1 1
_/home/bill/CodeCheckouts/libredis/client/redis.go:318.2,319.18 2 1
_/home/bill/CodeCheckouts/libredis/client/redis.go:306.14,309.3 2 0
_/home/bill/CodeCheckouts/libredis/client/redis.go:310.14,314.3 3 0
_/home/bill/CodeCheckouts/libredis/client/redis.go:315.31,317.3 1 0
_/home/bill/CodeCheckouts/libredis/client/redis.go:334.69,336.16 2 1
_/home/bill/CodeCheckouts/libredis/client/redis.go:339.2,339.15 1 1
_/home/bill/CodeCheckouts/libredis/client/redis.go:340.2,340.47 1 1
_/home/bill/CodeCheckouts/libredis/client/redis.go:352.2,353.16 2 1
_/home/bill/CodeCheckouts/libredis/client/redis.go:366.2,366.16 1 1
_/home/bill/CodeCheckouts/libredis/client/redis.go:336.16,338.3 1 0
_/home/bill/CodeCheckouts/libredis/client/redis.go:339.15,339.32 1 1
_/home/bill/CodeCheckouts/libredis/client/redis.go:340.47,341.20 1 0
_/home/bill/CodeCheckouts/libredis/client/redis.go:344.3,345.17 2 0
_/home/bill/CodeCheckouts/libredis/client/redis.go:348.3,348.47 1 0
_/home/bill/CodeCheckouts/libredis/client/redis.go:341.20,343.4 1 0
_/home/bill/CodeCheckouts/libredis/client/redis.go:345.17,347.4 1 0
_/home/bill/CodeCheckouts/libredis/client/redis.go:348.47,350.4 1 0
_/home/bill/CodeCheckouts/libredis/client/redis.go:353.16,354.20 1 0
_/home/bill/CodeCheckouts/libredis/client/redis.go:357.3,358.17 2 0
_/home/bill/CodeCheckouts/libredis/client/redis.go:361.3,361.47 1 0
_/home/bill/CodeCheckouts/libredis/client/redis.go:364.3,364.23 1 0
_/home/bill/CodeCheckouts/libredis/client/redis.go:354.20,356.4 1 0
_/home/bill/CodeCheckouts/libredis/client/redis.go:358.17,360.4 1 0
_/home/bill/CodeCheckouts/libredis/client/redis.go:361.47,363.4 1 0
_/home/bill/CodeCheckouts/libredis/client/redis.go:369.55,371.16 2 1
_/home/bill/CodeCheckouts/libredis/client/redis.go:374.2,375.22 2 1
_/home/bill/CodeCheckouts/libredis/client/redis.go:387.2,387.14 1 1
_/home/bill/CodeCheckouts/libredis/client/redis.go:399.2,399.15 1 1
_/home/bill/CodeCheckouts/libredis/client/redis.go:371.16,373.3 1 0
_/home/bill/CodeCheckouts/libredis/client/redis.go:375.22,376.59 1 0
_/home/bill/CodeCheckouts/libredis/client/redis.go:379.3,380.17 2 0
_/home/bill/CodeCheckouts/libredis/client/redis.go:383.3,383.28 1 0
_/home/bill/CodeCheckouts/libredis/client/redis.go:376.59,378.4 1 0
_/home/bill/CodeCheckouts/libredis/client/redis.go:380.17,382.4 1 0
_/home/bill/CodeCheckouts/libredis/client/redis.go:383.28,385.4 1 0
_/home/bill/CodeCheckouts/libredis/client/redis.go:387.14,388.55 1 1
_/home/bill/CodeCheckouts/libredis/client/redis.go:391.3,392.17 2 1
_/home/bill/CodeCheckouts/libredis/client/redis.go:395.3,395.28 1 1
_/home/bill/CodeCheckouts/libredis/client/redis.go:388.55,390.4 1 0
_/home/bill/CodeCheckouts/libredis/client/redis.go:392.17,394.4 1 0
_/home/bill/CodeCheckouts/libredis/client/redis.go:395.28,397.4 1 0
_/home/bill/CodeCheckouts/libredis/client/redis.go:404.29,406.2 1 0
_/home/bill/CodeCheckouts/libredis/client/redis.go:435.50,450.16 5 0
_/home/bill/CodeCheckouts/libredis/client/redis.go:453.2,454.15 2 0
_/home/bill/CodeCheckouts/libredis/client/redis.go:450.16,452.3 1 0
_/home/bill/CodeCheckouts/libredis/client/redis.go:459.54,460.16 1 1
_/home/bill/CodeCheckouts/libredis/client/redis.go:463.2,463.23 1 1
_/home/bill/CodeCheckouts/libredis/client/redis.go:466.2,466.23 1 1
_/home/bill/CodeCheckouts/libredis/client/redis.go:469.2,469.22 1 1
_/home/bill/CodeCheckouts/libredis/client/redis.go:472.2,472.22 1 1
_/home/bill/CodeCheckouts/libredis/client/redis.go:475.2,488.16 4 1
_/home/bill/CodeCheckouts/libredis/client/redis.go:491.2,492.15 2 1
_/home/bill/CodeCheckouts/libredis/client/redis.go:460.16,462.3 1 0
_/home/bill/CodeCheckouts/libredis/client/redis.go:463.23,465.3 1 0
_/home/bill/CodeCheckouts/libredis/client/redis.go:466.23,468.3 1 0
_/home/bill/CodeCheckouts/libredis/client/redis.go:469.22,471.3 1 0
_/home/bill/CodeCheckouts/libredis/client/redis.go:472.22,474.3 1 0
_/home/bill/CodeCheckouts/libredis/client/redis.go:488.16,490.3 1 0
_/home/bill/CodeCheckouts/libredis/client/redis.go:496.45,498.16 2 1
_/home/bill/CodeCheckouts/libredis/client/redis.go:501.2,502.20 2 1
_/home/bill/CodeCheckouts/libredis/client/redis.go:507.2,508.16 2 1
_/home/bill/CodeCheckouts/libredis/client/redis.go:511.2,512.16 2 1
_/home/bill/CodeCheckouts/libredis/client/redis.go:515.2,516.16 2 1
_/home/bill/CodeCheckouts/libredis/client/redis.go:519.2,519.88 1 1
_/home/bill/CodeCheckouts/libredis/client/redis.go:498.16,500.3 1 0
_/home/bill/CodeCheckouts/libredis/client/redis.go:502.20,503.41 1 1
_/home/bill/CodeCheckouts/libredis/client/redis.go:503.41,505.4 1 1
_/home/bill/CodeCheckouts/libredis/client/redis.go:508.16,510.3 1 0
_/home/bill/CodeCheckouts/libredis/client/redis.go:512.16,514.3 1 0
_/home/bill/CodeCheckouts/libredis/client/redis.go:516.16,518.3 1 0
_/home/bill/CodeCheckouts/libredis/client/redis.go:543.48,544.27 1 1
_/home/bill/CodeCheckouts/libredis/client/redis.go:547.2,547.29 1 1
_/home/bill/CodeCheckouts/libredis/client/redis.go:550.2,550.24 1 1
_/home/bill/CodeCheckouts/libredis/client/redis.go:544.27,546.3 1 1
_/home/bill/CodeCheckouts/libredis/client/redis.go:547.29,549.3 1 0
_/home/bill/CodeCheckouts/libredis/client/redis.go:556.44,557.27 1 1
_/home/bill/CodeCheckouts/libredis/client/redis.go:560.2,560.29 1 1
_/home/bill/CodeCheckouts/libredis/client/redis.go:563.2,563.29 1 1
_/home/bill/CodeCheckouts/libredis/client/redis.go:557.27,559.3 1 0
_/home/bill/CodeCheckouts/libredis/client/redis.go:560.29,562.3 1 0
_/home/bill/CodeCheckouts/libredis/client/redis.go:567.48,568.27 1 1
_/home/bill/CodeCheckouts/libredis/client/redis.go:571.2,571.28 1 1
_/home/bill/CodeCheckouts/libredis/client/redis.go:574.2,574.23 1 1
_/home/bill/CodeCheckouts/libredis/client/redis.go:568.27,570.3 1 0
_/home/bill/CodeCheckouts/libredis/client/redis.go:571.28,573.3 1 0
_/home/bill/CodeCheckouts/libredis/client/redis.go:578.34,579.27 1 1
_/home/bill/CodeCheckouts/libredis/client/redis.go:582.2,582.28 1 1
_/home/bill/CodeCheckouts/libredis/client/redis.go:585.2,585.23 1 1
_/home/bill/CodeCheckouts/libredis/client/redis.go:588.2,588.30 1 0
_/home/bill/CodeCheckouts/libredis/client/redis.go:579.27,581.3 1 1
_/home/bill/CodeCheckouts/libredis/client/redis.go:582.28,584.3 1 1
_/home/bill/CodeCheckouts/libredis/client/redis.go:585.23,587.3 1 1
_/home/bill/CodeCheckouts/libredis/client/redis.go:592.47,593.27 1 1
_/home/bill/CodeCheckouts/libredis/client/redis.go:596.2,596.26 1 1
_/home/bill/CodeCheckouts/libredis/client/redis.go:599.2,599.21 1 1
_/home/bill/CodeCheckouts/libredis/client/redis.go:593.27,595.3 1 0
_/home/bill/CodeCheckouts/libredis/client/redis.go:596.26,598.3 1 0
_/home/bill/CodeCheckouts/libredis/client/redis.go:603.48,604.27 1 1
_/home/bill/CodeCheckouts/libredis/client/redis.go:607.2,607.26 1 1
_/home/bill/CodeCheckouts/libredis/client/redis.go:610.2,610.20 1 1
_/home/bill/CodeCheckouts/libredis/client/redis.go:613.2,613.29 1 1
_/home/bill/CodeCheckouts/libredis/client/redis.go:604.27,606.3 1 0
_/home/bill/CodeCheckouts/libredis/client/redis.go:607.26,609.3 1 0
_/home/bill/CodeCheckouts/libredis/client/redis.go:610.20,612.3 1 0
_/home/bill/CodeCheckouts/libredis/client/redis.go:617.49,618.27 1 1
_/home/bill/CodeCheckouts/libredis/client/redis.go:621.2,621.27 1 1
_/home/bill/CodeCheckouts/libredis/client/redis.go:624.2,624.22 1 1
_/home/bill/CodeCheckouts/libredis/client/redis.go:618.27,620.3 1 0
_/home/bill/CodeCheckouts/libredis/client/redis.go:621.27,623.3 1 0
_/home/bill/CodeCheckouts/libredis/client/redis.go:628.57,629.27 1 1
_/home/bill/CodeCheckouts/libredis/client/redis.go:632.2,632.27 1 1
_/home/bill/CodeCheckouts/libredis/client/redis.go:635.2,636.21 2 1
_/home/bill/CodeCheckouts/libredis/client/redis.go:650.2,650.20 1 1
_/home/bill/CodeCheckouts/libredis/client/redis.go:629.27,631.3 1 0
_/home/bill/CodeCheckouts/libredis/client/redis.go:632.27,634.3 1 0
_/home/bill/CodeCheckouts/libredis/client/redis.go:636.21,638.33 2 1
_/home/bill/CodeCheckouts/libredis/client/redis.go:638.33,640.18 2 1
_/home/bill/CodeCheckouts/libredis/client/redis.go:643.4,644.18 2 1
_/home/bill/CodeCheckouts/libredis/client/redis.go:647.4,647.23 1 1
_/home/bill/CodeCheckouts/libredis/client/redis.go:640.18,642.5 1 0
_/home/bill/CodeCheckouts/libredis/client/redis.go:644.18,646.5 1 0
_/home/bill/CodeCheckouts/libredis/client/redis.go:654.48,655.27 1 1
_/home/bill/CodeCheckouts/libredis/client/redis.go:658.2,658.27 1 1
_/home/bill/CodeCheckouts/libredis/client/redis.go:661.2,662.21 2 1
_/home/bill/CodeCheckouts/libredis/client/redis.go:671.2,671.20 1 1
_/home/bill/CodeCheckouts/libredis/client/redis.go:655.27,657.3 1 0
_/home/bill/CodeCheckouts/libredis/client/redis.go:658.27,660.3 1 0
_/home/bill/CodeCheckouts/libredis/client/redis.go:662.21,663.34 1 1
_/home/bill/CodeCheckouts/libredis/client/redis.go:663.34,665.18 2 1
_/home/bill/CodeCheckouts/libredis/client/redis.go:668.4,668.33 1 1
_/home/bill/CodeCheckouts/libredis/client/redis.go:665.18,667.5 1 0
_/home/bill/CodeCheckouts/libredis/client/redis.go:676.54,677.27 1 1
_/home/bill/CodeCheckouts/libredis/client/redis.go:680.2,680.27 1 1
_/home/bill/CodeCheckouts/libredis/client/redis.go:683.2,684.21 2 1
_/home/bill/CodeCheckouts/libredis/client/redis.go:693.2,693.20 1 1
_/home/bill/CodeCheckouts/libredis/client/redis.go:677.27,679.3 1 0
_/home/bill/CodeCheckouts/libredis/client/redis.go:680.27,682.3 1 0
_/home/bill/CodeCheckouts/libredis/client/redis.go:684.21,685.34 1 1
_/home/bill/CodeCheckouts/libredis/client/redis.go:685.34,687.18 2 1
_/home/bill/CodeCheckouts/libredis/client/redis.go:690.4,690.30 1 1
_/home/bill/CodeCheckouts/libredis/client/redis.go:687.18,689.5 1 0
_/home/bill/CodeCheckouts/libredis/client/redis.go:698.51,699.27 1 1
_/home/bill/CodeCheckouts/libredis/client/redis.go:702.2,702.27 1 1
_/home/bill/CodeCheckouts/libredis/client/redis.go:705.2,706.21 2 1
_/home/bill/CodeCheckouts/libredis/client/redis.go:715.2,715.20 1 1
_/home/bill/CodeCheckouts/libredis/client/redis.go:699.27,701.3 1 0
_/home/bill/CodeCheckouts/libredis/client/redis.go:702.27,704.3 1 0
_/home/bill/CodeCheckouts/libredis/client/redis.go:706.21,707.34 1 1
_/home/bill/CodeCheckouts/libredis/client/redis.go:707.34,709.18 2 1
_/home/bill/CodeCheckouts/libredis/client/redis.go:712.4,712.30 1 1
_/home/bill/CodeCheckouts/libredis/client/redis.go:709.18,711.5 1 0
_/home/bill/CodeCheckouts/libredis/client/scripting.go:7.65,10.16 3 1
_/home/bill/CodeCheckouts/libredis/client/scripting.go:13.2,13.28 1 1
_/home/bill/CodeCheckouts/libredis/client/scripting.go:10.16,12.3 1 0
_/home/bill/CodeCheckouts/libredis/client/scripting.go:18.37,20.16 2 1
_/home/bill/CodeCheckouts/libredis/client/scripting.go:23.2,23.21 1 1
_/home/bill/CodeCheckouts/libredis/client/scripting.go:20.16,22.3 1 0
_/home/bill/CodeCheckouts/libredis/client/scripting.go:28.36,30.16 2 1
_/home/bill/CodeCheckouts/libredis/client/scripting.go:33.2,33.21 1 1
_/home/bill/CodeCheckouts/libredis/client/scripting.go:30.16,32.3 1 0
_/home/bill/CodeCheckouts/libredis/client/scripting.go:41.59,43.16 2 1
_/home/bill/CodeCheckouts/libredis/client/scripting.go:46.2,46.25 1 1
_/home/bill/CodeCheckouts/libredis/client/scripting.go:43.16,45.3 1 0
_/home/bill/CodeCheckouts/libredis/client/scripting.go:56.83,59.2 2 1
_/home/bill/CodeCheckouts/libredis/client/scripting.go:63.84,66.2 2 1
_/home/bill/CodeCheckouts/libredis/client/server.go:14.38,17.2 2 1
_/home/bill/CodeCheckouts/libredis/client/server.go:23.32,26.2 2 1
_/home/bill/CodeCheckouts/libredis/client/server.go:34.55,36.16 2 1
_/home/bill/CodeCheckouts/libredis/client/server.go:39.2,39.21 1 1
_/home/bill/CodeCheckouts/libredis/client/server.go:36.16,38.3 1 0
_/home/bill/CodeCheckouts/libredis/client/server.go:47.46,49.16 2 1
_/home/bill/CodeCheckouts/libredis/client/server.go:52.2,52.25 1 1
_/home/bill/CodeCheckouts/libredis/client/server.go:49.16,51.3 1 0
_/home/bill/CodeCheckouts/libredis/client/server.go:58.49,60.16 2 1
_/home/bill/CodeCheckouts/libredis/client/server.go:63.2,63.24 1 1
_/home/bill/CodeCheckouts/libredis/client/server.go:60.16,62.3 1 0
_/home/bill/CodeCheckouts/libredis/client/server.go:67.51,69.16 2 0
_/home/bill/CodeCheckouts/libredis/client/server.go:72.2,72.21 1 0
_/home/bill/CodeCheckouts/libredis/client/server.go:69.16,71.3 1 0
_/home/bill/CodeCheckouts/libredis/client/server.go:76.50,78.16 2 1
_/home/bill/CodeCheckouts/libredis/client/server.go:81.2,81.21 1 1
_/home/bill/CodeCheckouts/libredis/client/server.go:78.16,80.3 1 0
_/home/bill/CodeCheckouts/libredis/client/server.go:88.72,90.16 2 1
_/home/bill/CodeCheckouts/libredis/client/server.go:93.2,93.23 1 1
_/home/bill/CodeCheckouts/libredis/client/server.go:90.16,92.3 1 0
_/home/bill/CodeCheckouts/libredis/client/server.go:100.39,102.16 2 0
_/home/bill/CodeCheckouts/libredis/client/server.go:105.2,105.21 1 0
_/home/bill/CodeCheckouts/libredis/client/server.go:102.16,104.3 1 0
_/home/bill/CodeCheckouts/libredis/client/server.go:110.58,112.16 2 0
_/home/bill/CodeCheckouts/libredis/client/server.go:115.2,115.21 1 0
_/home/bill/CodeCheckouts/libredis/client/server.go:112.16,114.3 1 0
_/home/bill/CodeCheckouts/libredis/client/server.go:128.41,131.2 2 1
_/home/bill/CodeCheckouts/libredis/client/server.go:134.41,136.16 2 1
_/home/bill/CodeCheckouts/libredis/client/server.go:139.2,139.26 1 1
_/home/bill/CodeCheckouts/libredis/client/server.go:136.16,138.3 1 0
_/home/bill/CodeCheckouts/libredis/client/server.go:143.57,145.16 2 1
_/home/bill/CodeCheckouts/libredis/client/server.go:148.2,148.25 1 1
_/home/bill/CodeCheckouts/libredis/client/server.go:145.16,147.3 1 0
_/home/bill/CodeCheckouts/libredis/client/server.go:154.34,157.2 2 1
_/home/bill/CodeCheckouts/libredis/client/server.go:161.33,164.2 2 1
_/home/bill/CodeCheckouts/libredis/client/server.go:169.61,171.16 2 1
_/home/bill/CodeCheckouts/libredis/client/server.go:174.2,175.16 2 1
_/home/bill/CodeCheckouts/libredis/client/server.go:178.2,179.8 2 1
_/home/bill/CodeCheckouts/libredis/client/server.go:171.16,173.3 1 0
_/home/bill/CodeCheckouts/libredis/client/server.go:175.16,177.3 1 0
_/home/bill/CodeCheckouts/libredis/client/server.go:185.69,187.16 2 0
_/home/bill/CodeCheckouts/libredis/client/server.go:190.2,191.16 2 0
_/home/bill/CodeCheckouts/libredis/client/server.go:194.2,195.8 2 0
_/home/bill/CodeCheckouts/libredis/client/server.go:187.16,189.3 1 0
_/home/bill/CodeCheckouts/libredis/client/server.go:191.16,193.3 1 0
_/home/bill/CodeCheckouts/libredis/client/server.go:201.60,204.16 3 0
_/home/bill/CodeCheckouts/libredis/client/server.go:207.2,207.25 1 0
_/home/bill/CodeCheckouts/libredis/client/server.go:204.16,206.3 1 0
_/home/bill/CodeCheckouts/libredis/client/server.go:214.43,216.16 2 1
_/home/bill/CodeCheckouts/libredis/client/server.go:219.2,219.26 1 1
_/home/bill/CodeCheckouts/libredis/client/server.go:216.16,218.3 1 0
_/home/bill/CodeCheckouts/libredis/client/server.go:229.52,231.16 2 1
_/home/bill/CodeCheckouts/libredis/client/server.go:234.2,234.49 1 1
_/home/bill/CodeCheckouts/libredis/client/server.go:237.2,238.16 2 1
_/home/bill/CodeCheckouts/libredis/client/server.go:241.2,241.37 1 1
_/home/bill/CodeCheckouts/libredis/client/server.go:244.2,244.35 1 1
_/home/bill/CodeCheckouts/libredis/client/server.go:231.16,233.3 1 0
_/home/bill/CodeCheckouts/libredis/client/server.go:234.49,236.3 1 0
_/home/bill/CodeCheckouts/libredis/client/server.go:238.16,240.3 1 0
_/home/bill/CodeCheckouts/libredis/client/server.go:241.37,243.3 1 0
_/home/bill/CodeCheckouts/libredis/client/server.go:248.52,250.16 2 1
_/home/bill/CodeCheckouts/libredis/client/server.go:253.2,253.25 1 1
_/home/bill/CodeCheckouts/libredis/client/server.go:250.16,252.3 1 1
_/home/bill/CodeCheckouts/libredis/client/server.go:257.40,259.2 1 1
_/home/bill/CodeCheckouts/libredis/client/server.go:266.30,268.16 2 1
_/home/bill/CodeCheckouts/libredis/client/server.go:271.2,271.21 1 1
_/home/bill/CodeCheckouts/libredis/client/server.go:268.16,270.3 1 0
_/home/bill/CodeCheckouts/libredis/client/server.go:279.51,281.10 2 0
_/home/bill/CodeCheckouts/libredis/client/server.go:286.2,287.19 2 0
_/home/bill/CodeCheckouts/libredis/client/server.go:290.2,290.16 1 0
_/home/bill/CodeCheckouts/libredis/client/server.go:293.2,293.30 1 0
_/home/bill/CodeCheckouts/libredis/client/server.go:281.10,283.3 1 0
_/home/bill/CodeCheckouts/libredis/client/server.go:283.4,283.19 1 0
_/home/bill/CodeCheckouts/libredis/client/server.go:283.19,285.3 1 0
_/home/bill/CodeCheckouts/libredis/client/server.go:287.19,289.3 1 0
_/home/bill/CodeCheckouts/libredis/client/server.go:290.16,292.3 1 0
_/home/bill/CodeCheckouts/libredis/client/server.go:310.50,312.16 2 0
_/home/bill/CodeCheckouts/libredis/client/server.go:315.2,315.21 1 0
_/home/bill/CodeCheckouts/libredis/client/server.go:312.16,314.3 1 0
_/home/bill/CodeCheckouts/libredis/client/server.go:327.55,329.16 2 1
_/home/bill/CodeCheckouts/libredis/client/server.go:332.2,332.27 1 1
_/home/bill/CodeCheckouts/libredis/client/server.go:335.2,335.27 1 1
_/home/bill/CodeCheckouts/libredis/client/server.go:338.2,339.33 2 1
_/home/bill/CodeCheckouts/libredis/client/server.go:361.2,361.18 1 1
_/home/bill/CodeCheckouts/libredis/client/server.go:329.16,331.3 1 0
_/home/bill/CodeCheckouts/libredis/client/server.go:332.27,334.3 1 0
_/home/bill/CodeCheckouts/libredis/client/server.go:335.27,337.3 1 0
_/home/bill/CodeCheckouts/libredis/client/server.go:339.33,340.50 1 1
_/home/bill/CodeCheckouts/libredis/client/server.go:343.3,344.17 2 1
_/home/bill/CodeCheckouts/libredis/client/server.go:347.3,348.17 2 1
_/home/bill/CodeCheckouts/libredis/client/server.go:351.3,352.17 2 1
_/home/bill/CodeCheckouts/libredis/client/server.go:355.3,356.17 2 1
_/home/bill/CodeCheckouts/libredis/client/server.go:359.3,359.70 1 1
_/home/bill/CodeCheckouts/libredis/client/server.go:340.50,342.4 1 0
_/home/bill/CodeCheckouts/libredis/client/server.go:344.17,346.4 1 0
_/home/bill/CodeCheckouts/libredis/client/server.go:348.17,350.4 1 0
_/home/bill/CodeCheckouts/libredis/client/server.go:352.17,354.4 1 0
_/home/bill/CodeCheckouts/libredis/client/server.go:356.17,358.4 1 0
_/home/bill/CodeCheckouts/libredis/client/server.go:365.45,367.16 2 1
_/home/bill/CodeCheckouts/libredis/client/server.go:370.2,370.26 1 1
_/home/bill/CodeCheckouts/libredis/client/server.go:367.16,369.3 1 0
_/home/bill/CodeCheckouts/libredis/client/server.go:375.38,377.16 2 1
_/home/bill/CodeCheckouts/libredis/client/server.go:380.2,380.21 1 1
_/home/bill/CodeCheckouts/libredis/client/server.go:377.16,379.3 1 0
_/home/bill/CodeCheckouts/libredis/client/server.go:386.42,388.16 2 1
_/home/bill/CodeCheckouts/libredis/client/server.go:391.2,391.23 1 1
_/home/bill/CodeCheckouts/libredis/client/server.go:388.16,390.3 1 0
_/home/bill/CodeCheckouts/libredis/client/hashes.go:11.67,14.16 3 1
_/home/bill/CodeCheckouts/libredis/client/hashes.go:17.2,17.26 1 1
_/home/bill/CodeCheckouts/libredis/client/hashes.go:14.16,16.3 1 0
_/home/bill/CodeCheckouts/libredis/client/hashes.go:22.58,24.16 2 1
_/home/bill/CodeCheckouts/libredis/client/hashes.go:27.2,27.23 1 1
_/home/bill/CodeCheckouts/libredis/client/hashes.go:24.16,26.3 1 0
_/home/bill/CodeCheckouts/libredis/client/hashes.go:34.57,36.16 2 1
_/home/bill/CodeCheckouts/libredis/client/hashes.go:39.2,39.24 1 1
_/home/bill/CodeCheckouts/libredis/client/hashes.go:36.16,38.3 1 0
_/home/bill/CodeCheckouts/libredis/client/hashes.go:46.64,48.16 2 1
_/home/bill/CodeCheckouts/libredis/client/hashes.go:51.2,51.23 1 1
_/home/bill/CodeCheckouts/libredis/client/hashes.go:48.16,50.3 1 0
_/home/bill/CodeCheckouts/libredis/client/hashes.go:59.74,61.16 2 1
_/home/bill/CodeCheckouts/libredis/client/hashes.go:64.2,64.26 1 1
_/home/bill/CodeCheckouts/libredis/client/hashes.go:61.16,63.3 1 0
_/home/bill/CodeCheckouts/libredis/client/hashes.go:75.85,77.16 2 1
_/home/bill/CodeCheckouts/libredis/client/hashes.go:80.2,81.16 2 1
_/home/bill/CodeCheckouts/libredis/client/hashes.go:84.2,84.34 1 1
_/home/bill/CodeCheckouts/libredis/client/hashes.go:77.16,79.3 1 0
_/home/bill/CodeCheckouts/libredis/client/hashes.go:81.16,83.3 1 0
_/home/bill/CodeCheckouts/libredis/client/hashes.go:90.53,92.16 2 1
_/home/bill/CodeCheckouts/libredis/client/hashes.go:95.2,95.23 1 1
_/home/bill/CodeCheckouts/libredis/client/hashes.go:92.16,94.3 1 0
_/home/bill/CodeCheckouts/libredis/client/hashes.go:101.49,103.16 2 1
_/home/bill/CodeCheckouts/libredis/client/hashes.go:106.2,106.26 1 1
_/home/bill/CodeCheckouts/libredis/client/hashes.go:103.16,105.3 1 0
_/home/bill/CodeCheckouts/libredis/client/hashes.go:115.71,118.16 3 1
_/home/bill/CodeCheckouts/libredis/client/hashes.go:121.2,121.29 1 1
_/home/bill/CodeCheckouts/libredis/client/hashes.go:118.16,120.3 1 0
_/home/bill/CodeCheckouts/libredis/client/hashes.go:128.66,131.16 3 1
_/home/bill/CodeCheckouts/libredis/client/hashes.go:134.2,134.21 1 1
_/home/bill/CodeCheckouts/libredis/client/hashes.go:131.16,133.3 1 0
_/home/bill/CodeCheckouts/libredis/client/hashes.go:141.62,143.16 2 1
_/home/bill/CodeCheckouts/libredis/client/hashes.go:146.2,146.23 1 1
_/home/bill/CodeCheckouts/libredis/client/hashes.go:143.16,145.3 1 0
_/home/bill/CodeCheckouts/libredis/client/hashes.go:153.64,155.16 2 1
_/home/bill/CodeCheckouts/libredis/client/hashes.go:158.2,158.23 1 1
_/home/bill/CodeCheckouts/libredis/client/hashes.go:155.16,157.3 1 0
_/home/bill/CodeCheckouts/libredis/client/hashes.go:164.53,166.16 2 1
_/home/bill/CodeCheckouts/libredis/client/hashes.go:169.2,169.23 1 1
_/home/bill/CodeCheckouts/libredis/client/hashes.go:166.16,168.3 1 0
_/home/bill/CodeCheckouts/libredis/client/hashes.go:174.112,176.19 2 1
_/home/bill/CodeCheckouts/libredis/client/hashes.go:179.2,179.15 1 1
_/home/bill/CodeCheckouts/libredis/client/hashes.go:182.2,183.16 2 1
_/home/bill/CodeCheckouts/libredis/client/hashes.go:186.2,187.16 2 1
_/home/bill/CodeCheckouts/libredis/client/hashes.go:190.2,191.16 2 1
_/home/bill/CodeCheckouts/libredis/client/hashes.go:194.2,195.24 2 1
_/home/bill/CodeCheckouts/libredis/client/hashes.go:176.19,178.3 1 0
_/home/bill/CodeCheckouts/libredis/client/hashes.go:179.15,181.3 1 0
_/home/bill/CodeCheckouts/libredis/client/hashes.go:183.16,185.3 1 0
_/home/bill/CodeCheckouts/libredis/client/hashes.go:187.16,189.3 1 0
_/home/bill/CodeCheckouts/libredis/client/hashes.go:191.16,193.3 1 0
_/home/bill/CodeCheckouts/libredis/client/sorted_sets.go:18.75,20.35 2 1
_/home/bill/CodeCheckouts/libredis/client/sorted_sets.go:23.2,24.16 2 1
_/home/bill/CodeCheckouts/libredis/client/sorted_sets.go:27.2,27.26 1 1
_/home/bill/CodeCheckouts/libredis/client/sorted_sets.go:20.35,22.3 1 1
_/home/bill/CodeCheckouts/libredis/client/sorted_sets.go:24.16,26.3 1 0
_/home/bill/CodeCheckouts/libredis/client/sorted_sets.go:32.50,34.16 2 1
_/home/bill/CodeCheckouts/libredis/client/sorted_sets.go:37.2,37.26 1 1
_/home/bill/CodeCheckouts/libredis/client/sorted_sets.go:34.16,36.3 1 0
_/home/bill/CodeCheckouts/libredis/client/sorted_sets.go:43.61,45.16 2 1
_/home/bill/CodeCheckouts/libredis/client/sorted_sets.go:48.2,48.26 1 1
_/home/bill/CodeCheckouts/libredis/client/sorted_sets.go:45.16,47.3 1 0
_/home/bill/CodeCheckouts/libredis/client/sorted_sets.go:57.88,59.16 2 1
_/home/bill/CodeCheckouts/libredis/client/sorted_sets.go:62.2,63.16 2 1
_/home/bill/CodeCheckouts/libredis/client/sorted_sets.go:66.2,67.16 2 1
_/home/bill/CodeCheckouts/libredis/client/sorted_sets.go:70.2,70.19 1 1
_/home/bill/CodeCheckouts/libredis/client/sorted_sets.go:59.16,61.3 1 0
_/home/bill/CodeCheckouts/libredis/client/sorted_sets.go:63.16,65.3 1 0
_/home/bill/CodeCheckouts/libredis/client/sorted_sets.go:67.16,69.3 1 0
_/home/bill/CodeCheckouts/libredis/client/sorted_sets.go:74.112,76.40 2 1
_/home/bill/CodeCheckouts/libredis/client/sorted_sets.go:82.2,82.21 1 1
_/home/bill/CodeCheckouts/libredis/client/sorted_sets.go:85.2,86.16 2 1
_/home/bill/CodeCheckouts/libredis/client/sorted_sets.go:89.2,89.26 1 1
_/home/bill/CodeCheckouts/libredis/client/sorted_sets.go:76.40,78.29 2 1
_/home/bill/CodeCheckouts/libredis/client/sorted_sets.go:78.29,80.4 1 1
_/home/bill/CodeCheckouts/libredis/client/sorted_sets.go:82.21,84.3 1 0
_/home/bill/CodeCheckouts/libredis/client/sorted_sets.go:86.16,88.3 1 0
_/home/bill/CodeCheckouts/libredis/client/sorted_sets.go:94.64,96.16 2 0
_/home/bill/CodeCheckouts/libredis/client/sorted_sets.go:99.2,99.26 1 0
_/home/bill/CodeCheckouts/libredis/client/sorted_sets.go:96.16,98.3 1 0
_/home/bill/CodeCheckouts/libredis/client/sorted_sets.go:109.88,111.16 2 1
_/home/bill/CodeCheckouts/libredis/client/sorted_sets.go:114.2,115.16 2 1
_/home/bill/CodeCheckouts/libredis/client/sorted_sets.go:118.2,118.23 1 1
_/home/bill/CodeCheckouts/libredis/client/sorted_sets.go:111.16,113.3 1 1
_/home/bill/CodeCheckouts/libredis/client/sorted_sets.go:115.16,117.3 1 0
_/home/bill/CodeCheckouts/libredis/client/sorted_sets.go:123.100,125.11 2 0
_/home/bill/CodeCheckouts/libredis/client/sorted_sets.go:128.2,129.16 2 0
_/home/bill/CodeCheckouts/libredis/client/sorted_sets.go:132.2,132.23 1 0
_/home/bill/CodeCheckouts/libredis/client/sorted_sets.go:125.11,127.3 1 0
_/home/bill/CodeCheckouts/libredis/client/sorted_sets.go:129.16,131.3 1 0
_/home/bill/CodeCheckouts/libredis/client/sorted_sets.go:136.114,138.16 2 1
_/home/bill/CodeCheckouts/libredis/client/sorted_sets.go:141.2,141.11 1 1
_/home/bill/CodeCheckouts/libredis/client/sorted_sets.go:144.2,145.16 2 1
_/home/bill/CodeCheckouts/libredis/client/sorted_sets.go:148.2,148.23 1 1
_/home/bill/CodeCheckouts/libredis/client/sorted_sets.go:138.16,140.3 1 0
_/home/bill/CodeCheckouts/libredis/client/sorted_sets.go:141.11,143.3 1 0
_/home/bill/CodeCheckouts/libredis/client/sorted_sets.go:145.16,147.3 1 0
_/home/bill/CodeCheckouts/libredis/client/sorted_sets.go:158.58,160.16 2 1
_/home/bill/CodeCheckouts/libredis/client/sorted_sets.go:163.2,163.27 1 1
_/home/bill/CodeCheckouts/libredis/client/sorted_sets.go:166.2,166.29 1 1
_/home/bill/CodeCheckouts/libredis/client/sorted_sets.go:169.2,169.26 1 1
_/home/bill/CodeCheckouts/libredis/client/sorted_sets.go:172.2,172.53 1 0
_/home/bill/CodeCheckouts/libredis/client/sorted_sets.go:160.16,162.3 1 0
_/home/bill/CodeCheckouts/libredis/client/sorted_sets.go:163.27,165.3 1 0
_/home/bill/CodeCheckouts/libredis/client/sorted_sets.go:166.29,168.3 1 1
_/home/bill/CodeCheckouts/libredis/client/sorted_sets.go:169.26,171.3 1 1
_/home/bill/CodeCheckouts/libredis/client/sorted_sets.go:179.68,182.16 3 1
_/home/bill/CodeCheckouts/libredis/client/sorted_sets.go:185.2,185.26 1 1
_/home/bill/CodeCheckouts/libredis/client/sorted_sets.go:182.16,184.3 1 0
_/home/bill/CodeCheckouts/libredis/client/sorted_sets.go:190.69,192.16 2 0
_/home/bill/CodeCheckouts/libredis/client/sorted_sets.go:195.2,195.26 1 0
_/home/bill/CodeCheckouts/libredis/client/sorted_sets.go:192.16,194.3 1 0
_/home/bill/CodeCheckouts/libredis/client/sorted_sets.go:203.77,205.16 2 1
_/home/bill/CodeCheckouts/libredis/client/sorted_sets.go:208.2,208.26 1 1
_/home/bill/CodeCheckouts/libredis/client/sorted_sets.go:205.16,207.3 1 0
_/home/bill/CodeCheckouts/libredis/client/sorted_sets.go:213.71,215.16 2 1
_/home/bill/CodeCheckouts/libredis/client/sorted_sets.go:218.2,218.26 1 1
_/home/bill/CodeCheckouts/libredis/client/sorted_sets.go:215.16,217.3 1 0
_/home/bill/CodeCheckouts/libredis/client/sorted_sets.go:225.91,227.16 2 1
_/home/bill/CodeCheckouts/libredis/client/sorted_sets.go:230.2,231.16 2 1
_/home/bill/CodeCheckouts/libredis/client/sorted_sets.go:234.2,234.23 1 1
_/home/bill/CodeCheckouts/libredis/client/sorted_sets.go:227.16,229.3 1 0
_/home/bill/CodeCheckouts/libredis/client/sorted_sets.go:231.16,233.3 1 0
_/home/bill/CodeCheckouts/libredis/client/sorted_sets.go:238.117,240.16 2 1
_/home/bill/CodeCheckouts/libredis/client/sorted_sets.go:243.2,243.11 1 1
_/home/bill/CodeCheckouts/libredis/client/sorted_sets.go:246.2,247.16 2 1
_/home/bill/CodeCheckouts/libredis/client/sorted_sets.go:250.2,250.23 1 1
_/home/bill/CodeCheckouts/libredis/client/sorted_sets.go:240.16,242.3 1 0
_/home/bill/CodeCheckouts/libredis/client/sorted_sets.go:243.11,245.3 1 0
_/home/bill/CodeCheckouts/libredis/client/sorted_sets.go:247.16,249.3 1 0
_/home/bill/CodeCheckouts/libredis/client/sorted_sets.go:256.61,258.16 2 1
_/home/bill/CodeCheckouts/libredis/client/sorted_sets.go:261.2,261.27 1 1
_/home/bill/CodeCheckouts/libredis/client/sorted_sets.go:264.2,264.29 1 1
_/home/bill/CodeCheckouts/libredis/client/sorted_sets.go:267.2,267.26 1 1
_/home/bill/CodeCheckouts/libredis/client/sorted_sets.go:270.2,270.56 1 0
_/home/bill/CodeCheckouts/libredis/client/sorted_sets.go:258.16,260.3 1 0
_/home/bill/CodeCheckouts/libredis/client/sorted_sets.go:261.27,263.3 1 0
_/home/bill/CodeCheckouts/libredis/client/sorted_sets.go:264.29,266.3 1 1
_/home/bill/CodeCheckouts/libredis/client/sorted_sets.go:267.26,269.3 1 1
_/home/bill/CodeCheckouts/libredis/client/sorted_sets.go:276.60,278.16 2 1
_/home/bill/CodeCheckouts/libredis/client/sorted_sets.go:281.2,281.24 1 1
_/home/bill/CodeCheckouts/libredis/client/sorted_sets.go:278.16,280.3 1 0
_/home/bill/CodeCheckouts/libredis/client/sorted_sets.go:285.112,287.40 2 1
_/home/bill/CodeCheckouts/libredis/client/sorted_sets.go:293.2,293.21 1 1
_/home/bill/CodeCheckouts/libredis/client/sorted_sets.go:296.2,297.16 2 1
_/home/bill/CodeCheckouts/libredis/client/sorted_sets.go:300.2,300.26 1 1
_/home/bill/CodeCheckouts/libredis/client/sorted_sets.go:287.40,289.29 2 1
_/home/bill/CodeCheckouts/libredis/client/sorted_sets.go:289.29,291.4 1 1
_/home/bill/CodeCheckouts/libredis/client/sorted_sets.go:293.21,295.3 1 0
_/home/bill/CodeCheckouts/libredis/client/sorted_sets.go:297.16,299.3 1 0
_/home/bill/CodeCheckouts/libredis/client/sorted_sets.go:304.103,306.19 2 1
_/home/bill/CodeCheckouts/libredis/client/sorted_sets.go:309.2,309.15 1 1
_/home/bill/CodeCheckouts/libredis/client/sorted_sets.go:312.2,313.16 2 1
_/home/bill/CodeCheckouts/libredis/client/sorted_sets.go:316.2,317.16 2 1
_/home/bill/CodeCheckouts/libredis/client/sorted_sets.go:320.2,321.16 2 1
_/home/bill/CodeCheckouts/libredis/client/sorted_sets.go:324.2,325.24 2 1
_/home/bill/CodeCheckouts/libredis/client/sorted_sets.go:306.19,308.3 1 0
_/home/bill/CodeCheckouts/libredis/client/sorted_sets.go:309.15,311.3 1 0
_/home/bill/CodeCheckouts/libredis/client/sorted_sets.go:313.16,315.3 1 0
_/home/bill/CodeCheckouts/libredis/client/sorted_sets.go:317.16,319.3 1 0
_/home/bill/CodeCheckouts/libredis/client/sorted_sets.go:321.16,323.3 1 0
_/home/bill/CodeCheckouts/libredis/client/strings.go:10.58,12.16 2 1
_/home/bill/CodeCheckouts/libredis/client/strings.go:15.2,15.26 1 1
_/home/bill/CodeCheckouts/libredis/client/strings.go:12.16,14.3 1 0
_/home/bill/CodeCheckouts/libredis/client/strings.go:19.69,21.16 2 1
_/home/bill/CodeCheckouts/libredis/client/strings.go:24.2,24.26 1 1
_/home/bill/CodeCheckouts/libredis/client/strings.go:21.16,23.3 1 0
_/home/bill/CodeCheckouts/libredis/client/strings.go:37.81,40.16 3 1
_/home/bill/CodeCheckouts/libredis/client/strings.go:43.2,43.26 1 1
_/home/bill/CodeCheckouts/libredis/client/strings.go:40.16,42.3 1 0
_/home/bill/CodeCheckouts/libredis/client/strings.go:52.49,54.16 2 1
_/home/bill/CodeCheckouts/libredis/client/strings.go:57.2,57.26 1 1
_/home/bill/CodeCheckouts/libredis/client/strings.go:54.16,56.3 1 0
_/home/bill/CodeCheckouts/libredis/client/strings.go:61.66,63.16 2 1
_/home/bill/CodeCheckouts/libredis/client/strings.go:66.2,66.26 1 1
_/home/bill/CodeCheckouts/libredis/client/strings.go:63.16,65.3 1 0
_/home/bill/CodeCheckouts/libredis/client/strings.go:73.49,75.16 2 1
_/home/bill/CodeCheckouts/libredis/client/strings.go:78.2,78.24 1 1
_/home/bill/CodeCheckouts/libredis/client/strings.go:75.16,77.3 1 0
_/home/bill/CodeCheckouts/libredis/client/strings.go:86.63,88.16 2 1
_/home/bill/CodeCheckouts/libredis/client/strings.go:91.2,91.26 1 1
_/home/bill/CodeCheckouts/libredis/client/strings.go:88.16,90.3 1 0
_/home/bill/CodeCheckouts/libredis/client/strings.go:99.70,101.16 2 1
_/home/bill/CodeCheckouts/libredis/client/strings.go:104.2,104.25 1 1
_/home/bill/CodeCheckouts/libredis/client/strings.go:101.16,103.3 1 0
_/home/bill/CodeCheckouts/libredis/client/strings.go:109.59,111.16 2 1
_/home/bill/CodeCheckouts/libredis/client/strings.go:114.2,114.24 1 1
_/home/bill/CodeCheckouts/libredis/client/strings.go:111.16,113.3 1 0
_/home/bill/CodeCheckouts/libredis/client/strings.go:122.49,124.16 2 1
_/home/bill/CodeCheckouts/libredis/client/strings.go:127.2,127.26 1 1
_/home/bill/CodeCheckouts/libredis/client/strings.go:124.16,126.3 1 0
_/home/bill/CodeCheckouts/libredis/client/strings.go:135.66,137.16 2 1
_/home/bill/CodeCheckouts/libredis/client/strings.go:140.2,140.26 1 1
_/home/bill/CodeCheckouts/libredis/client/strings.go:137.16,139.3 1 0
_/home/bill/CodeCheckouts/libredis/client/strings.go:151.77,153.16 2 1
_/home/bill/CodeCheckouts/libredis/client/strings.go:156.2,157.16 2 1
_/home/bill/CodeCheckouts/libredis/client/strings.go:160.2,160.34 1 1
_/home/bill/CodeCheckouts/libredis/client/strings.go:153.16,155.3 1 0
_/home/bill/CodeCheckouts/libredis/client/strings.go:157.16,159.3 1 0
_/home/bill/CodeCheckouts/libredis/client/strings.go:167.56,170.16 3 1
_/home/bill/CodeCheckouts/libredis/client/strings.go:173.2,173.29 1 1
_/home/bill/CodeCheckouts/libredis/client/strings.go:170.16,172.3 1 0
_/home/bill/CodeCheckouts/libredis/client/strings.go:179.53,183.2 3 1
_/home/bill/CodeCheckouts/libredis/client/strings.go:189.63,192.16 3 1
_/home/bill/CodeCheckouts/libredis/client/strings.go:195.2,195.23 1 1
_/home/bill/CodeCheckouts/libredis/client/strings.go:192.16,194.3 1 0
_/home/bill/CodeCheckouts/libredis/client/strings.go:201.46,203.16 2 1
_/home/bill/CodeCheckouts/libredis/client/strings.go:206.2,206.21 1 1
_/home/bill/CodeCheckouts/libredis/client/strings.go:203.16,205.3 1 0
_/home/bill/CodeCheckouts/libredis/client/strings.go:211.74,214.2 2 1
_/home/bill/CodeCheckouts/libredis/client/strings.go:218.48,220.16 2 1
_/home/bill/CodeCheckouts/libredis/client/strings.go:223.2,223.21 1 1
_/home/bill/CodeCheckouts/libredis/client/strings.go:220.16,222.3 1 0
_/home/bill/CodeCheckouts/libredis/client/strings.go:228.70,230.16 2 1
_/home/bill/CodeCheckouts/libredis/client/strings.go:233.2,233.26 1 1
_/home/bill/CodeCheckouts/libredis/client/strings.go:230.16,232.3 1 0
_/home/bill/CodeCheckouts/libredis/client/strings.go:237.68,239.16 2 1
_/home/bill/CodeCheckouts/libredis/client/strings.go:242.2,242.21 1 1
_/home/bill/CodeCheckouts/libredis/client/strings.go:239.16,241.3 1 0
_/home/bill/CodeCheckouts/libredis/client/strings.go:246.56,248.16 2 1
_/home/bill/CodeCheckouts/libredis/client/strings.go:251.2,251.23 1 1
_/home/bill/CodeCheckouts/libredis/client/strings.go:248.16,250.3 1 0
_/home/bill/CodeCheckouts/libredis/client/strings.go:257.79,259.16 2 1
_/home/bill/CodeCheckouts/libredis/client/strings.go:262.2,262.26 1 1
_/home/bill/CodeCheckouts/libredis/client/strings.go:259.16,261.3 1 0
_/home/bill/CodeCheckouts/libredis/client/strings.go:268.51,270.16 2 1
_/home/bill/CodeCheckouts/libredis/client/strings.go:273.2,273.26 1 1
_/home/bill/CodeCheckouts/libredis/client/strings.go:270.16,272.3 1 0
_/home/bill/CodeCheckouts/libredis/client/transactions.go:18.53,20.16 2 1
_/home/bill/CodeCheckouts/libredis/client/transactions.go:23.2,23.47 1 1
_/home/bill/CodeCheckouts/libredis/client/transactions.go:27.2,27.41 1 1
_/home/bill/CodeCheckouts/libredis/client/transactions.go:31.2,31.32 1 1
_/home/bill/CodeCheckouts/libredis/client/transactions.go:20.16,22.3 1 0
_/home/bill/CodeCheckouts/libredis/client/transactions.go:23.47,26.3 2 0
_/home/bill/CodeCheckouts/libredis/client/transactions.go:27.41,30.3 2 0
_/home/bill/CodeCheckouts/libredis/client/transactions.go:35.31,37.2 1 1
_/home/bill/CodeCheckouts/libredis/client/transactions.go:42.39,43.54 1 1
_/home/bill/CodeCheckouts/libredis/client/transactions.go:46.2,47.12 2 1
_/home/bill/CodeCheckouts/libredis/client/transactions.go:43.54,45.3 1 0
_/home/bill/CodeCheckouts/libredis/client/transactions.go:51.51,53.52 2 1
_/home/bill/CodeCheckouts/libredis/client/transactions.go:56.2,57.12 2 1
_/home/bill/CodeCheckouts/libredis/client/transactions.go:53.52,55.3 1 0
_/home/bill/CodeCheckouts/libredis/client/transactions.go:62.39,63.54 1 1
_/home/bill/CodeCheckouts/libredis/client/transactions.go:66.2,67.12 2 1
_/home/bill/CodeCheckouts/libredis/client/transactions.go:63.54,65.3 1 0
_/home/bill/CodeCheckouts/libredis/client/transactions.go:74.48,75.51 1 1
_/home/bill/CodeCheckouts/libredis/client/transactions.go:78.2,79.16 2 1
_/home/bill/CodeCheckouts/libredis/client/transactions.go:82.2,82.24 1 1
_/home/bill/CodeCheckouts/libredis/client/transactions.go:75.51,77.3 1 0
_/home/bill/CodeCheckouts/libredis/client/transactions.go:79.16,81.3 1 0
_/home/bill/CodeCheckouts/libredis/client/transactions.go:87.58,89.53 2 1
_/home/bill/CodeCheckouts/libredis/client/transactions.go:92.2,93.16 2 1
_/home/bill/CodeCheckouts/libredis/client/transactions.go:96.2,97.16 2 1
_/home/bill/CodeCheckouts/libredis/client/transactions.go:100.2,100.19 1 1
_/home/bill/CodeCheckouts/libredis/client/transactions.go:103.2,103.12 1 1
_/home/bill/CodeCheckouts/libredis/client/transactions.go:89.53,91.3 1 0
_/home/bill/CodeCheckouts/libredis/client/transactions.go:93.16,95.3 1 0
_/home/bill/CodeCheckouts/libredis/client/transactions.go:97.16,99.3 1 0
_/home/bill/CodeCheckouts/libredis/client/transactions.go:100.19,102.3 1 0
_/home/bill/CodeCheckouts/libredis/client/connection.go:4.54,6.16 2 1
_/home/bill/CodeCheckouts/libredis/client/connection.go:9.2,9.25 1 1
_/home/bill/CodeCheckouts/libredis/client/connection.go:6.16,8.3 1 0
_/home/bill/CodeCheckouts/libredis/client/connection.go:14.30,17.2 2 1
_/home/bill/CodeCheckouts/libredis/client/sets.go:14.68,17.16 3 1
_/home/bill/CodeCheckouts/libredis/client/sets.go:20.2,20.26 1 1
_/home/bill/CodeCheckouts/libredis/client/sets.go:17.16,19.3 1 0
_/home/bill/CodeCheckouts/libredis/client/sets.go:24.50,26.16 2 1
_/home/bill/CodeCheckouts/libredis/client/sets.go:29.2,29.26 1 1
_/home/bill/CodeCheckouts/libredis/client/sets.go:26.16,28.3 1 0
_/home/bill/CodeCheckouts/libredis/client/sets.go:36.57,39.16 3 1
_/home/bill/CodeCheckouts/libredis/client/sets.go:42.2,42.23 1 1
_/home/bill/CodeCheckouts/libredis/client/sets.go:39.16,41.3 1 0
_/home/bill/CodeCheckouts/libredis/client/sets.go:49.79,52.16 3 1
_/home/bill/CodeCheckouts/libredis/client/sets.go:55.2,55.26 1 1
_/home/bill/CodeCheckouts/libredis/client/sets.go:52.16,54.3 1 0
_/home/bill/CodeCheckouts/libredis/client/sets.go:60.58,63.16 3 1
_/home/bill/CodeCheckouts/libredis/client/sets.go:66.2,66.23 1 1
_/home/bill/CodeCheckouts/libredis/client/sets.go:63.16,65.3 1 0
_/home/bill/CodeCheckouts/libredis/client/sets.go:73.80,76.16 3 1
_/home/bill/CodeCheckouts/libredis/client/sets.go:79.2,79.26 1 1
_/home/bill/CodeCheckouts/libredis/client/sets.go:76.16,78.3 1 0
_/home/bill/CodeCheckouts/libredis/client/sets.go:83.61,85.16 2 1
_/home/bill/CodeCheckouts/libredis/client/sets.go:88.2,88.23 1 1
_/home/bill/CodeCheckouts/libredis/client/sets.go:85.16,87.3 1 0
_/home/bill/CodeCheckouts/libredis/client/sets.go:92.56,94.16 2 1
_/home/bill/CodeCheckouts/libredis/client/sets.go:97.2,97.23 1 1
_/home/bill/CodeCheckouts/libredis/client/sets.go:94.16,96.3 1 0
_/home/bill/CodeCheckouts/libredis/client/sets.go:103.73,105.16 2 1
_/home/bill/CodeCheckouts/libredis/client/sets.go:108.2,108.23 1 1
_/home/bill/CodeCheckouts/libredis/client/sets.go:105.16,107.3 1 0
_/home/bill/CodeCheckouts/libredis/client/sets.go:113.50,115.16 2 1
_/home/bill/CodeCheckouts/libredis/client/sets.go:118.2,118.24 1 1
_/home/bill/CodeCheckouts/libredis/client/sets.go:115.16,117.3 1 0
_/home/bill/CodeCheckouts/libredis/client/sets.go:124.57,126.16 2 1
_/home/bill/CodeCheckouts/libredis/client/sets.go:129.2,129.24 1 1
_/home/bill/CodeCheckouts/libredis/client/sets.go:126.16,128.3 1 0
_/home/bill/CodeCheckouts/libredis/client/sets.go:137.75,139.16 2 1
_/home/bill/CodeCheckouts/libredis/client/sets.go:142.2,142.23 1 1
_/home/bill/CodeCheckouts/libredis/client/sets.go:139.16,141.3 1 0
_/home/bill/CodeCheckouts/libredis/client/sets.go:151.68,154.16 3 1
_/home/bill/CodeCheckouts/libredis/client/sets.go:157.2,157.26 1 1
_/home/bill/CodeCheckouts/libredis/client/sets.go:154.16,156.3 1 0
_/home/bill/CodeCheckouts/libredis/client/sets.go:162.58,165.16 3 1
_/home/bill/CodeCheckouts/libredis/client/sets.go:168.2,168.23 1 1
_/home/bill/CodeCheckouts/libredis/client/sets.go:165.16,167.3 1 0
_/home/bill/CodeCheckouts/libredis/client/sets.go:174.80,177.16 3 1
_/home/bill/CodeCheckouts/libredis/client/sets.go:180.2,180.26 1 1
_/home/bill/CodeCheckouts/libredis/client/sets.go:177.16,179.3 1 0
_/home/bill/CodeCheckouts/libredis/client/sets.go:184.103,186.19 2 1
_/home/bill/CodeCheckouts/libredis/client/sets.go:189.2,189.15 1 1
_/home/bill/CodeCheckouts/libredis/client/sets.go:192.2,193.16 2 1
_/home/bill/CodeCheckouts/libredis/client/sets.go:196.2,197.16 2 1
_/home/bill/CodeCheckouts/libredis/client/sets.go:200.2,201.16 2 1
_/home/bill/CodeCheckouts/libredis/client/sets.go:204.2,205.24 2 1
_/home/bill/CodeCheckouts/libredis/client/sets.go:186.19,188.3 1 0
_/home/bill/CodeCheckouts/libredis/client/sets.go:189.15,191.3 1 0
_/home/bill/CodeCheckouts/libredis/client/sets.go:193.16,195.3 1 0
_/home/bill/CodeCheckouts/libredis/client/sets.go:197.16,199.3 1 0
_/home/bill/CodeCheckouts/libredis/client/sets.go:201.16,203.3 1 0
_/home/bill/CodeCheckouts/libredis/client/sort.go:19.47,21.2 1 1
_/home/bill/CodeCheckouts/libredis/client/sort.go:24.55,27.2 2 0
_/home/bill/CodeCheckouts/libredis/client/sort.go:32.61,37.2 4 1
_/home/bill/CodeCheckouts/libredis/client/sort.go:40.60,43.2 2 0
_/home/bill/CodeCheckouts/libredis/client/sort.go:46.42,49.2 2 0
_/home/bill/CodeCheckouts/libredis/client/sort.go:52.43,55.2 2 1
_/home/bill/CodeCheckouts/libredis/client/sort.go:58.50,61.2 2 1
_/home/bill/CodeCheckouts/libredis/client/sort.go:64.62,67.2 2 0
_/home/bill/CodeCheckouts/libredis/client/sort.go:70.45,72.16 2 1
_/home/bill/CodeCheckouts/libredis/client/sort.go:75.2,75.13 1 1
_/home/bill/CodeCheckouts/libredis/client/sort.go:78.2,78.36 1 1
_/home/bill/CodeCheckouts/libredis/client/sort.go:83.2,83.19 1 1
_/home/bill/CodeCheckouts/libredis/client/sort.go:86.2,86.13 1 1
_/home/bill/CodeCheckouts/libredis/client/sort.go:89.2,89.19 1 1
_/home/bill/CodeCheckouts/libredis/client/sort.go:92.2,92.40 1 1
_/home/bill/CodeCheckouts/libredis/client/sort.go:72.16,74.3 1 0
_/home/bill/CodeCheckouts/libredis/client/sort.go:75.13,77.3 1 1
_/home/bill/CodeCheckouts/libredis/client/sort.go:78.36,79.33 1 0
_/home/bill/CodeCheckouts/libredis/client/sort.go:79.33,81.4 1 0
_/home/bill/CodeCheckouts/libredis/client/sort.go:83.19,85.3 1 1
_/home/bill/CodeCheckouts/libredis/client/sort.go:86.13,88.3 1 1
_/home/bill/CodeCheckouts/libredis/client/sort.go:89.19,91.3 1 0
